<?xml version="1.0" encoding="UTF-8"?>
<!-- Generated by org.testng.reporters.JUnitXMLReporter -->
<testsuite ignored="0" hostname="Apples-MacBook-Pro.local" failures="1" tests="1" name="Default test" time="4.231" errors="0" timestamp="16 Jul 2020 15:29:51 GMT">
  <testcase classname="com.restassured.Test1_BasicFeatures" name="compareWeatherReports" time="4.216">
    <failure type="org.apache.poi.openxml4j.exceptions.OpenXML4JRuntimeException" message="Fail to save: an error occurs while saving the package : class org.apache.poi.openxml4j.util.ZipSecureFile$ThresholdInputStream cannot be cast to class java.util.zip.ZipFile$ZipFileInputStream (org.apache.poi.openxml4j.util.ZipSecureFile$ThresholdInputStream is in unnamed module of loader &amp;apos;app&amp;apos;; java.util.zip.ZipFile$ZipFileInputStream is in module java.base of loader &amp;apos;bootstrap&amp;apos;)">
      <![CDATA[org.apache.poi.openxml4j.exceptions.OpenXML4JRuntimeException: Fail to save: an error occurs while saving the package : class org.apache.poi.openxml4j.util.ZipSecureFile$ThresholdInputStream cannot be cast to class java.util.zip.ZipFile$ZipFileInputStream (org.apache.poi.openxml4j.util.ZipSecureFile$ThresholdInputStream is in unnamed module of loader 'app'; java.util.zip.ZipFile$ZipFileInputStream is in module java.base of loader 'bootstrap')
	at org.apache.poi.openxml4j.opc.ZipPackage.saveImpl(ZipPackage.java:595)
	at org.apache.poi.openxml4j.opc.OPCPackage.save(OPCPackage.java:1539)
	at org.apache.poi.openxml4j.opc.OPCPackage.save(OPCPackage.java:1522)
	at org.apache.poi.openxml4j.opc.ZipPackage.closeImpl(ZipPackage.java:450)
	at org.apache.poi.openxml4j.opc.OPCPackage.close(OPCPackage.java:479)
	at org.apache.poi.POIXMLDocument.close(POIXMLDocument.java:189)
	at com.pojoclass.ExcelUtils.readExcel(ExcelUtils.java:94)
	at com.restassured.Test1_BasicFeatures.compareWeatherReports(Test1_BasicFeatures.java:28)
	at java.base/jdk.internal.reflect.NativeMethodAccessorImpl.invoke0(Native Method)
	at java.base/jdk.internal.reflect.NativeMethodAccessorImpl.invoke(NativeMethodAccessorImpl.java:62)
	at java.base/jdk.internal.reflect.DelegatingMethodAccessorImpl.invoke(DelegatingMethodAccessorImpl.java:43)
	at java.base/java.lang.reflect.Method.invoke(Method.java:564)
	at org.testng.internal.MethodInvocationHelper.invokeMethod(MethodInvocationHelper.java:104)
	at org.testng.internal.Invoker.invokeMethod(Invoker.java:645)
	at org.testng.internal.Invoker.invokeTestMethod(Invoker.java:851)
	at org.testng.internal.Invoker.invokeTestMethods(Invoker.java:1177)
	at org.testng.internal.TestMethodWorker.invokeTestMethods(TestMethodWorker.java:129)
	at org.testng.internal.TestMethodWorker.run(TestMethodWorker.java:112)
	at org.testng.TestRunner.privateRun(TestRunner.java:756)
	at org.testng.TestRunner.run(TestRunner.java:610)
	at org.testng.SuiteRunner.runTest(SuiteRunner.java:387)
	at org.testng.SuiteRunner.runSequentially(SuiteRunner.java:382)
	at org.testng.SuiteRunner.privateRun(SuiteRunner.java:340)
	at org.testng.SuiteRunner.run(SuiteRunner.java:289)
	at org.testng.SuiteRunnerWorker.runSuite(SuiteRunnerWorker.java:52)
	at org.testng.SuiteRunnerWorker.run(SuiteRunnerWorker.java:86)
	at org.testng.TestNG.runSuitesSequentially(TestNG.java:1293)
	at org.testng.TestNG.runSuitesLocally(TestNG.java:1218)
	at org.testng.TestNG.runSuites(TestNG.java:1133)
	at org.testng.TestNG.run(TestNG.java:1104)
	at org.testng.remote.AbstractRemoteTestNG.run(AbstractRemoteTestNG.java:115)
	at org.testng.remote.RemoteTestNG.initAndRun(RemoteTestNG.java:251)
	at org.testng.remote.RemoteTestNG.main(RemoteTestNG.java:77)
Caused by: java.lang.ClassCastException: class org.apache.poi.openxml4j.util.ZipSecureFile$ThresholdInputStream cannot be cast to class java.util.zip.ZipFile$ZipFileInputStream (org.apache.poi.openxml4j.util.ZipSecureFile$ThresholdInputStream is in unnamed module of loader 'app'; java.util.zip.ZipFile$ZipFileInputStream is in module java.base of loader 'bootstrap')
	at java.base/java.util.zip.ZipFile$ZipFileInflaterInputStream.available(ZipFile.java:471)
	at org.apache.poi.openxml4j.util.ZipSecureFile$ThresholdInputStream.available(ZipSecureFile.java:317)
	at org.apache.poi.openxml4j.opc.internal.marshallers.ZipPartMarshaller.marshall(ZipPartMarshaller.java:84)
	at org.apache.poi.openxml4j.opc.ZipPackagePart.save(ZipPackagePart.java:124)
	at org.apache.poi.openxml4j.opc.internal.marshallers.DefaultMarshaller.marshall(DefaultMarshaller.java:43)
	at org.apache.poi.openxml4j.opc.ZipPackage.saveImpl(ZipPackage.java:585)
	... 32 more
]]>
    </failure>
  </testcase> <!-- compareWeatherReports -->
</testsuite> <!-- Default test -->
