<?xml version="1.0" encoding="UTF-8"?>
<testng-results ignored="0" total="1" passed="1" failed="0" skipped="0">
  <reporter-output>
  </reporter-output>
  <suite started-at="2020-07-19T07:13:15Z" name="Default suite" finished-at="2020-07-19T07:13:18Z" duration-ms="3578">
    <groups>
    </groups>
    <test started-at="2020-07-19T07:13:15Z" name="Default test" finished-at="2020-07-19T07:13:18Z" duration-ms="3578">
      <class name="com.restassured.Test1_BasicFeatures">
        <test-method signature="compareWeatherReports()[pri:0, instance:com.restassured.Test1_BasicFeatures@4d49af10]" started-at="2020-07-19T12:43:15Z" name="compareWeatherReports" finished-at="2020-07-19T12:43:18Z" duration-ms="3567" status="PASS">
          <reporter-output>
          </reporter-output>
        </test-method> <!-- compareWeatherReports -->
      </class> <!-- com.restassured.Test1_BasicFeatures -->
    </test> <!-- Default test -->
  </suite> <!-- Default suite -->
</testng-results>
